<?xml version="1.0" encoding="UTF-8"?>
<testng-results skipped="0" failed="0" ignored="0" total="1" passed="1">
  <reporter-output>
  </reporter-output>
  <suite name="Suite1" duration-ms="50088" started-at="2019-03-21T02:23:58Z" finished-at="2019-03-21T02:24:49Z">
    <groups>
      <group name="cucumber">
        <method signature="AbstractTestNGCucumberTests.feature(cucumber.api.testng.CucumberFeatureWrapper)[pri:0, instance:runner.loginrunner@11be3c5]" name="feature" class="cucumber.api.testng.AbstractTestNGCucumberTests"/>
      </group> <!-- cucumber -->
    </groups>
    <test name="parm" duration-ms="50088" started-at="2019-03-21T02:23:58Z" finished-at="2019-03-21T02:24:49Z">
      <class name="runner.loginrunner">
        <test-method status="PASS" signature="setUpClass()[pri:0, instance:runner.loginrunner@11be3c5]" name="setUpClass" is-config="true" duration-ms="1285" started-at="2019-03-21T02:23:59Z" finished-at="2019-03-21T02:24:00Z">
          <reporter-output>
          </reporter-output>
        </test-method> <!-- setUpClass -->
        <test-method status="PASS" signature="feature(cucumber.api.testng.CucumberFeatureWrapper)[pri:0, instance:runner.loginrunner@11be3c5]" name="feature" duration-ms="48199" started-at="2019-03-21T02:24:00Z" description="Runs Cucumber Feature" data-provider="features" finished-at="2019-03-21T02:24:48Z">
          <params>
            <param index="0">
              <value>
                <![CDATA[Demo automating Testing]]>
              </value>
            </param>
          </params>
          <reporter-output>
          </reporter-output>
        </test-method> <!-- feature -->
        <test-method status="PASS" signature="tearDownClass()[pri:0, instance:runner.loginrunner@11be3c5]" name="tearDownClass" is-config="true" duration-ms="122" started-at="2019-03-21T02:24:48Z" finished-at="2019-03-21T02:24:49Z">
          <reporter-output>
          </reporter-output>
        </test-method> <!-- tearDownClass -->
      </class> <!-- runner.loginrunner -->
    </test> <!-- parm -->
  </suite> <!-- Suite1 -->
</testng-results>
